<?xml version="1.0" encoding="UTF-8"?>
<!-- Generated by org.testng.reporters.JUnitReportReporter -->
<testsuite hostname="LAPTOP-KH2MOC79" failures="0" tests="1" name="sof304.testNG.SP_Delete" time="0.488" errors="0" timestamp="2024-04-05T21:34:57 ICT" skipped="0">
  <testcase classname="sof304.testNG.SP_Delete" name="testDelete" time="0.488"/>
  <system-out/>
</testsuite> <!-- sof304.testNG.SP_Delete -->
