<?xml version="1.0" encoding="UTF-8"?>
<!-- Generated by org.testng.reporters.JUnitReportReporter -->
<testsuite hostname="DESKTOP-QCA0GN3" failures="0" tests="1" name="sof304.testNG.delete_nv" time="0.718" errors="0" timestamp="2024-04-05T10:41:04 ICT" skipped="0">
  <testcase classname="sof304.testNG.delete_nv" name="testDelete" time="0.718"/>
  <system-out/>
</testsuite> <!-- sof304.testNG.delete_nv -->
