<?xml version="1.0" encoding="UTF-8"?>
<!-- Generated by org.testng.reporters.JUnitReportReporter -->
<testsuite hostname="LAPTOP-KH2MOC79" failures="0" tests="1" name="sof304.testNG.NV_Delete" time="0.452" errors="0" timestamp="2024-04-08T21:45:44 ICT" skipped="0">
  <testcase classname="sof304.testNG.NV_Delete" name="testDelete" time="0.452"/>
  <system-out/>
</testsuite> <!-- sof304.testNG.NV_Delete -->
