<?xml version="1.0" encoding="UTF-8"?>
<!-- Generated by org.testng.reporters.JUnitReportReporter -->
<testsuite hostname="DESKTOP-QCA0GN3" failures="0" tests="1" name="sof304.testNG.SelectTest" time="0.686" errors="0" timestamp="2024-04-05T11:22:14 ICT" skipped="0">
  <testcase classname="sof304.testNG.SelectTest" name="testSelect" time="0.686"/>
  <system-out/>
</testsuite> <!-- sof304.testNG.SelectTest -->
