<?xml version="1.0" encoding="UTF-8"?>
<!-- Generated by org.testng.reporters.JUnitReportReporter -->
<testsuite hostname="LAPTOP-KH2MOC79" failures="0" tests="1" name="sof304.testNG.NV_Select" time="0.535" errors="0" timestamp="2024-04-11T07:47:54 ICT" skipped="0">
  <testcase classname="sof304.testNG.NV_Select" name="testSelect" time="0.535"/>
  <system-out/>
</testsuite> <!-- sof304.testNG.NV_Select -->
