<?xml version="1.0" encoding="UTF-8"?>
<!-- Generated by org.testng.reporters.JUnitReportReporter -->
<testsuite hostname="DESKTOP-QCA0GN3" failures="0" tests="1" name="sof304.testNG.SP_Insert" time="0.457" errors="0" timestamp="2024-04-05T16:25:56 ICT" skipped="0">
  <testcase classname="sof304.testNG.SP_Insert" name="testInsert" time="0.457"/>
  <system-out/>
</testsuite> <!-- sof304.testNG.SP_Insert -->
